INFO  @ Wed, 17 Sep 2025 14:30:39: 
# Command line: callpeak -t /beegfs/scratch/ric.sessa/kubacki.michal/SRF_Eva_top/SRF_Eva/results/04_filtered/TEAD1-2_filtered.bam -c /beegfs/scratch/ric.sessa/kubacki.michal/SRF_Eva_top/SRF_Eva/results/04_filtered/IggRb_filtered.bam -f BAMPE -g hs -n TEAD1-2 --outdir /beegfs/scratch/ric.sessa/kubacki.michal/SRF_Eva_top/SRF_Eva/results/05_peaks_narrow -q 0.01 --keep-dup all
# ARGUMENTS LIST:
# name = TEAD1-2
# format = BAMPE
# ChIP-seq file = ['/beegfs/scratch/ric.sessa/kubacki.michal/SRF_Eva_top/SRF_Eva/results/04_filtered/TEAD1-2_filtered.bam']
# control file = ['/beegfs/scratch/ric.sessa/kubacki.michal/SRF_Eva_top/SRF_Eva/results/04_filtered/IggRb_filtered.bam']
# effective genome size = 2.70e+09
# band width = 300
# model fold = [5, 50]
# qvalue cutoff = 1.00e-02
# The maximum gap between significant sites is assigned as the read length/tag size.
# The minimum length of peaks is assigned as the predicted fragment length "d".
# Larger dataset will be scaled towards smaller dataset.
# Range for calculating regional lambda is: 1000 bps and 10000 bps
# Broad region calling is off
# Paired-End mode is on
 
INFO  @ Wed, 17 Sep 2025 14:30:39: #1 read fragment files... 
INFO  @ Wed, 17 Sep 2025 14:30:39: #1 read treatment fragments... 
INFO  @ Wed, 17 Sep 2025 14:30:42:  1000000 
INFO  @ Wed, 17 Sep 2025 14:30:43: 1167806 fragments have been read. 
INFO  @ Wed, 17 Sep 2025 14:30:43: #1.2 read input fragments... 
INFO  @ Wed, 17 Sep 2025 14:30:47:  1000000 
INFO  @ Wed, 17 Sep 2025 14:30:50: 1867671 fragments have been read. 
INFO  @ Wed, 17 Sep 2025 14:30:50: #1 mean fragment size is determined as 159.5 bp from treatment 
INFO  @ Wed, 17 Sep 2025 14:30:50: #1 note: mean fragment size in control is 151.0 bp -- value ignored 
INFO  @ Wed, 17 Sep 2025 14:30:50: #1 fragment size = 159.5 
INFO  @ Wed, 17 Sep 2025 14:30:50: #1  total fragments in treatment: 1167806 
INFO  @ Wed, 17 Sep 2025 14:30:50: #1  total fragments in control: 1867671 
INFO  @ Wed, 17 Sep 2025 14:30:50: #1 finished! 
INFO  @ Wed, 17 Sep 2025 14:30:50: #2 Build Peak Model... 
INFO  @ Wed, 17 Sep 2025 14:30:50: #2 Skipped... 
INFO  @ Wed, 17 Sep 2025 14:30:50: #3 Call peaks... 
INFO  @ Wed, 17 Sep 2025 14:30:50: #3 Pre-compute pvalue-qvalue table... 
INFO  @ Wed, 17 Sep 2025 14:31:02: #3 Call peaks for each chromosome... 
INFO  @ Wed, 17 Sep 2025 14:31:08: #4 Write output xls file... /beegfs/scratch/ric.sessa/kubacki.michal/SRF_Eva_top/SRF_Eva/results/05_peaks_narrow/TEAD1-2_peaks.xls 
INFO  @ Wed, 17 Sep 2025 14:31:08: #4 Write peak in narrowPeak format file... /beegfs/scratch/ric.sessa/kubacki.michal/SRF_Eva_top/SRF_Eva/results/05_peaks_narrow/TEAD1-2_peaks.narrowPeak 
INFO  @ Wed, 17 Sep 2025 14:31:08: #4 Write summits bed file... /beegfs/scratch/ric.sessa/kubacki.michal/SRF_Eva_top/SRF_Eva/results/05_peaks_narrow/TEAD1-2_summits.bed 
INFO  @ Wed, 17 Sep 2025 14:31:08: Done! 
