INFO  @ Wed, 17 Sep 2025 14:16:14: 
# Command line: callpeak -t /beegfs/scratch/ric.sessa/kubacki.michal/SRF_Eva_top/SRF_Eva/results/04_filtered/TES-1_filtered.bam /beegfs/scratch/ric.sessa/kubacki.michal/SRF_Eva_top/SRF_Eva/results/04_filtered/TES-2_filtered.bam /beegfs/scratch/ric.sessa/kubacki.michal/SRF_Eva_top/SRF_Eva/results/04_filtered/TES-3_filtered.bam -c /beegfs/scratch/ric.sessa/kubacki.michal/SRF_Eva_top/SRF_Eva/results/04_filtered/IggMs_filtered.bam -f BAMPE -g hs -n TES --outdir /beegfs/scratch/ric.sessa/kubacki.michal/SRF_Eva_top/SRF_Eva/results/05_peaks_narrow -q 0.01 --keep-dup all
# ARGUMENTS LIST:
# name = TES
# format = BAMPE
# ChIP-seq file = ['/beegfs/scratch/ric.sessa/kubacki.michal/SRF_Eva_top/SRF_Eva/results/04_filtered/TES-1_filtered.bam', '/beegfs/scratch/ric.sessa/kubacki.michal/SRF_Eva_top/SRF_Eva/results/04_filtered/TES-2_filtered.bam', '/beegfs/scratch/ric.sessa/kubacki.michal/SRF_Eva_top/SRF_Eva/results/04_filtered/TES-3_filtered.bam']
# control file = ['/beegfs/scratch/ric.sessa/kubacki.michal/SRF_Eva_top/SRF_Eva/results/04_filtered/IggMs_filtered.bam']
# effective genome size = 2.70e+09
# band width = 300
# model fold = [5, 50]
# qvalue cutoff = 1.00e-02
# The maximum gap between significant sites is assigned as the read length/tag size.
# The minimum length of peaks is assigned as the predicted fragment length "d".
# Larger dataset will be scaled towards smaller dataset.
# Range for calculating regional lambda is: 1000 bps and 10000 bps
# Broad region calling is off
# Paired-End mode is on
 
INFO  @ Wed, 17 Sep 2025 14:16:14: #1 read fragment files... 
INFO  @ Wed, 17 Sep 2025 14:16:14: #1 read treatment fragments... 
INFO  @ Wed, 17 Sep 2025 14:16:18:  1000000 
INFO  @ Wed, 17 Sep 2025 14:16:21:  2000000 
INFO  @ Wed, 17 Sep 2025 14:16:24:  3000000 
INFO  @ Wed, 17 Sep 2025 14:16:28:  4000000 
INFO  @ Wed, 17 Sep 2025 14:16:31:  5000000 
INFO  @ Wed, 17 Sep 2025 14:16:34:  6000000 
INFO  @ Wed, 17 Sep 2025 14:16:38:  7000000 
INFO  @ Wed, 17 Sep 2025 14:16:42:  8000000 
INFO  @ Wed, 17 Sep 2025 14:16:45:  9000000 
INFO  @ Wed, 17 Sep 2025 14:16:49:  10000000 
INFO  @ Wed, 17 Sep 2025 14:16:52:  11000000 
INFO  @ Wed, 17 Sep 2025 14:16:56:  12000000 
INFO  @ Wed, 17 Sep 2025 14:16:59:  13000000 
INFO  @ Wed, 17 Sep 2025 14:17:02:  14000000 
INFO  @ Wed, 17 Sep 2025 14:17:02: 14008418 fragments have been read. 
INFO  @ Wed, 17 Sep 2025 14:17:06:  1000000 
INFO  @ Wed, 17 Sep 2025 14:17:09:  2000000 
INFO  @ Wed, 17 Sep 2025 14:17:13: 2854967 fragments have been read. 
INFO  @ Wed, 17 Sep 2025 14:17:16:  1000000 
INFO  @ Wed, 17 Sep 2025 14:17:19:  2000000 
INFO  @ Wed, 17 Sep 2025 14:17:23:  3000000 
INFO  @ Wed, 17 Sep 2025 14:17:26:  4000000 
INFO  @ Wed, 17 Sep 2025 14:17:30:  5000000 
INFO  @ Wed, 17 Sep 2025 14:17:33:  6000000 
INFO  @ Wed, 17 Sep 2025 14:17:37:  7000000 
INFO  @ Wed, 17 Sep 2025 14:17:40:  8000000 
INFO  @ Wed, 17 Sep 2025 14:17:43:  9000000 
INFO  @ Wed, 17 Sep 2025 14:17:47:  10000000 
INFO  @ Wed, 17 Sep 2025 14:17:50:  11000000 
INFO  @ Wed, 17 Sep 2025 14:17:53:  12000000 
INFO  @ Wed, 17 Sep 2025 14:17:57:  13000000 
INFO  @ Wed, 17 Sep 2025 14:18:00:  14000000 
INFO  @ Wed, 17 Sep 2025 14:18:03:  15000000 
INFO  @ Wed, 17 Sep 2025 14:18:07:  16000000 
INFO  @ Wed, 17 Sep 2025 14:18:10: 16890349 fragments have been read. 
INFO  @ Wed, 17 Sep 2025 14:18:40: #1.2 read input fragments... 
INFO  @ Wed, 17 Sep 2025 14:18:44:  1000000 
INFO  @ Wed, 17 Sep 2025 14:18:47: 1924892 fragments have been read. 
INFO  @ Wed, 17 Sep 2025 14:18:48: #1 mean fragment size is determined as 132.0 bp from treatment 
INFO  @ Wed, 17 Sep 2025 14:18:48: #1 note: mean fragment size in control is 131.7 bp -- value ignored 
INFO  @ Wed, 17 Sep 2025 14:18:48: #1 fragment size = 132.0 
INFO  @ Wed, 17 Sep 2025 14:18:48: #1  total fragments in treatment: 33753734 
INFO  @ Wed, 17 Sep 2025 14:18:48: #1  total fragments in control: 1924892 
INFO  @ Wed, 17 Sep 2025 14:18:48: #1 finished! 
INFO  @ Wed, 17 Sep 2025 14:18:48: #2 Build Peak Model... 
INFO  @ Wed, 17 Sep 2025 14:18:48: #2 Skipped... 
INFO  @ Wed, 17 Sep 2025 14:18:48: #3 Call peaks... 
INFO  @ Wed, 17 Sep 2025 14:18:48: #3 Pre-compute pvalue-qvalue table... 
INFO  @ Wed, 17 Sep 2025 14:19:15: #3 Call peaks for each chromosome... 
INFO  @ Wed, 17 Sep 2025 14:19:32: #4 Write output xls file... /beegfs/scratch/ric.sessa/kubacki.michal/SRF_Eva_top/SRF_Eva/results/05_peaks_narrow/TES_peaks.xls 
INFO  @ Wed, 17 Sep 2025 14:19:32: #4 Write peak in narrowPeak format file... /beegfs/scratch/ric.sessa/kubacki.michal/SRF_Eva_top/SRF_Eva/results/05_peaks_narrow/TES_peaks.narrowPeak 
INFO  @ Wed, 17 Sep 2025 14:19:32: #4 Write summits bed file... /beegfs/scratch/ric.sessa/kubacki.michal/SRF_Eva_top/SRF_Eva/results/05_peaks_narrow/TES_summits.bed 
INFO  @ Wed, 17 Sep 2025 14:19:32: Done! 
