INFO  @ Wed, 17 Sep 2025 14:28:48: 
# Command line: callpeak -t /beegfs/scratch/ric.sessa/kubacki.michal/SRF_Eva_top/SRF_Eva/results/04_filtered/TESmut-3_filtered.bam -c /beegfs/scratch/ric.sessa/kubacki.michal/SRF_Eva_top/SRF_Eva/results/04_filtered/IggMs_filtered.bam -f BAMPE -g hs -n TESmut-3 --outdir /beegfs/scratch/ric.sessa/kubacki.michal/SRF_Eva_top/SRF_Eva/results/05_peaks_narrow -q 0.01 --keep-dup all
# ARGUMENTS LIST:
# name = TESmut-3
# format = BAMPE
# ChIP-seq file = ['/beegfs/scratch/ric.sessa/kubacki.michal/SRF_Eva_top/SRF_Eva/results/04_filtered/TESmut-3_filtered.bam']
# control file = ['/beegfs/scratch/ric.sessa/kubacki.michal/SRF_Eva_top/SRF_Eva/results/04_filtered/IggMs_filtered.bam']
# effective genome size = 2.70e+09
# band width = 300
# model fold = [5, 50]
# qvalue cutoff = 1.00e-02
# The maximum gap between significant sites is assigned as the read length/tag size.
# The minimum length of peaks is assigned as the predicted fragment length "d".
# Larger dataset will be scaled towards smaller dataset.
# Range for calculating regional lambda is: 1000 bps and 10000 bps
# Broad region calling is off
# Paired-End mode is on
 
INFO  @ Wed, 17 Sep 2025 14:28:48: #1 read fragment files... 
INFO  @ Wed, 17 Sep 2025 14:28:48: #1 read treatment fragments... 
INFO  @ Wed, 17 Sep 2025 14:28:52:  1000000 
INFO  @ Wed, 17 Sep 2025 14:28:55:  2000000 
INFO  @ Wed, 17 Sep 2025 14:28:58:  3000000 
INFO  @ Wed, 17 Sep 2025 14:29:01:  4000000 
INFO  @ Wed, 17 Sep 2025 14:29:04:  5000000 
INFO  @ Wed, 17 Sep 2025 14:29:07:  6000000 
INFO  @ Wed, 17 Sep 2025 14:29:11:  7000000 
INFO  @ Wed, 17 Sep 2025 14:29:14:  8000000 
INFO  @ Wed, 17 Sep 2025 14:29:17:  9000000 
INFO  @ Wed, 17 Sep 2025 14:29:20:  10000000 
INFO  @ Wed, 17 Sep 2025 14:29:22: 10626189 fragments have been read. 
INFO  @ Wed, 17 Sep 2025 14:29:28: #1.2 read input fragments... 
INFO  @ Wed, 17 Sep 2025 14:29:32:  1000000 
INFO  @ Wed, 17 Sep 2025 14:29:35: 1924892 fragments have been read. 
INFO  @ Wed, 17 Sep 2025 14:29:36: #1 mean fragment size is determined as 115.8 bp from treatment 
INFO  @ Wed, 17 Sep 2025 14:29:36: #1 note: mean fragment size in control is 131.7 bp -- value ignored 
INFO  @ Wed, 17 Sep 2025 14:29:36: #1 fragment size = 115.8 
INFO  @ Wed, 17 Sep 2025 14:29:36: #1  total fragments in treatment: 10626189 
INFO  @ Wed, 17 Sep 2025 14:29:36: #1  total fragments in control: 1924892 
INFO  @ Wed, 17 Sep 2025 14:29:36: #1 finished! 
INFO  @ Wed, 17 Sep 2025 14:29:36: #2 Build Peak Model... 
INFO  @ Wed, 17 Sep 2025 14:29:36: #2 Skipped... 
INFO  @ Wed, 17 Sep 2025 14:29:36: #3 Call peaks... 
INFO  @ Wed, 17 Sep 2025 14:29:36: #3 Pre-compute pvalue-qvalue table... 
INFO  @ Wed, 17 Sep 2025 14:29:53: #3 Call peaks for each chromosome... 
INFO  @ Wed, 17 Sep 2025 14:30:03: #4 Write output xls file... /beegfs/scratch/ric.sessa/kubacki.michal/SRF_Eva_top/SRF_Eva/results/05_peaks_narrow/TESmut-3_peaks.xls 
INFO  @ Wed, 17 Sep 2025 14:30:03: #4 Write peak in narrowPeak format file... /beegfs/scratch/ric.sessa/kubacki.michal/SRF_Eva_top/SRF_Eva/results/05_peaks_narrow/TESmut-3_peaks.narrowPeak 
INFO  @ Wed, 17 Sep 2025 14:30:03: #4 Write summits bed file... /beegfs/scratch/ric.sessa/kubacki.michal/SRF_Eva_top/SRF_Eva/results/05_peaks_narrow/TESmut-3_summits.bed 
INFO  @ Wed, 17 Sep 2025 14:30:03: Done! 
