INFO  @ Wed, 17 Sep 2025 14:29:05: 
# Command line: callpeak -t /beegfs/scratch/ric.sessa/kubacki.michal/SRF_Eva_top/SRF_Eva/results/04_filtered/TEAD1-2_filtered.bam -c /beegfs/scratch/ric.sessa/kubacki.michal/SRF_Eva_top/SRF_Eva/results/04_filtered/IggRb_filtered.bam -f BAMPE -g hs -n TEAD1-2 --outdir /beegfs/scratch/ric.sessa/kubacki.michal/SRF_Eva_top/SRF_Eva/results/05_peaks_broad -q 0.05 --broad --broad-cutoff 0.1 --keep-dup all
# ARGUMENTS LIST:
# name = TEAD1-2
# format = BAMPE
# ChIP-seq file = ['/beegfs/scratch/ric.sessa/kubacki.michal/SRF_Eva_top/SRF_Eva/results/04_filtered/TEAD1-2_filtered.bam']
# control file = ['/beegfs/scratch/ric.sessa/kubacki.michal/SRF_Eva_top/SRF_Eva/results/04_filtered/IggRb_filtered.bam']
# effective genome size = 2.70e+09
# band width = 300
# model fold = [5, 50]
# qvalue cutoff for narrow/strong regions = 5.00e-02
# qvalue cutoff for broad/weak regions = 1.00e-01
# The maximum gap between significant sites is assigned as the read length/tag size.
# The minimum length of peaks is assigned as the predicted fragment length "d".
# Larger dataset will be scaled towards smaller dataset.
# Range for calculating regional lambda is: 1000 bps and 10000 bps
# Broad region calling is on
# Paired-End mode is on
 
INFO  @ Wed, 17 Sep 2025 14:29:05: #1 read fragment files... 
INFO  @ Wed, 17 Sep 2025 14:29:05: #1 read treatment fragments... 
INFO  @ Wed, 17 Sep 2025 14:29:09:  1000000 
INFO  @ Wed, 17 Sep 2025 14:29:09: 1167806 fragments have been read. 
INFO  @ Wed, 17 Sep 2025 14:29:10: #1.2 read input fragments... 
INFO  @ Wed, 17 Sep 2025 14:29:14:  1000000 
INFO  @ Wed, 17 Sep 2025 14:29:17: 1867671 fragments have been read. 
INFO  @ Wed, 17 Sep 2025 14:29:18: #1 mean fragment size is determined as 159.5 bp from treatment 
INFO  @ Wed, 17 Sep 2025 14:29:18: #1 note: mean fragment size in control is 151.0 bp -- value ignored 
INFO  @ Wed, 17 Sep 2025 14:29:18: #1 fragment size = 159.5 
INFO  @ Wed, 17 Sep 2025 14:29:18: #1  total fragments in treatment: 1167806 
INFO  @ Wed, 17 Sep 2025 14:29:18: #1  total fragments in control: 1867671 
INFO  @ Wed, 17 Sep 2025 14:29:18: #1 finished! 
INFO  @ Wed, 17 Sep 2025 14:29:18: #2 Build Peak Model... 
INFO  @ Wed, 17 Sep 2025 14:29:18: #2 Skipped... 
INFO  @ Wed, 17 Sep 2025 14:29:18: #3 Call peaks... 
INFO  @ Wed, 17 Sep 2025 14:29:18: #3 Call broad peaks with given level1 -log10qvalue cutoff and level2: 1.301030, 1.000000... 
INFO  @ Wed, 17 Sep 2025 14:29:18: #3 Pre-compute pvalue-qvalue table... 
INFO  @ Wed, 17 Sep 2025 14:29:30: #3 Call peaks for each chromosome... 
INFO  @ Wed, 17 Sep 2025 14:29:38: #4 Write output xls file... /beegfs/scratch/ric.sessa/kubacki.michal/SRF_Eva_top/SRF_Eva/results/05_peaks_broad/TEAD1-2_peaks.xls 
INFO  @ Wed, 17 Sep 2025 14:29:38: #4 Write broad peak in broadPeak format file... /beegfs/scratch/ric.sessa/kubacki.michal/SRF_Eva_top/SRF_Eva/results/05_peaks_broad/TEAD1-2_peaks.broadPeak 
INFO  @ Wed, 17 Sep 2025 14:29:38: #4 Write broad peak in bed12/gappedPeak format file... /beegfs/scratch/ric.sessa/kubacki.michal/SRF_Eva_top/SRF_Eva/results/05_peaks_broad/TEAD1-2_peaks.gappedPeak 
INFO  @ Wed, 17 Sep 2025 14:29:38: Done! 
