INFO  @ Wed, 17 Sep 2025 14:12:54: 
# Command line: callpeak -t /beegfs/scratch/ric.sessa/kubacki.michal/SRF_Eva_top/SRF_Eva/results/04_filtered/TES-1_filtered.bam /beegfs/scratch/ric.sessa/kubacki.michal/SRF_Eva_top/SRF_Eva/results/04_filtered/TES-2_filtered.bam /beegfs/scratch/ric.sessa/kubacki.michal/SRF_Eva_top/SRF_Eva/results/04_filtered/TES-3_filtered.bam -c /beegfs/scratch/ric.sessa/kubacki.michal/SRF_Eva_top/SRF_Eva/results/04_filtered/IggMs_filtered.bam -f BAMPE -g hs -n TES --outdir /beegfs/scratch/ric.sessa/kubacki.michal/SRF_Eva_top/SRF_Eva/results/05_peaks_broad -q 0.05 --broad --broad-cutoff 0.1 --keep-dup all
# ARGUMENTS LIST:
# name = TES
# format = BAMPE
# ChIP-seq file = ['/beegfs/scratch/ric.sessa/kubacki.michal/SRF_Eva_top/SRF_Eva/results/04_filtered/TES-1_filtered.bam', '/beegfs/scratch/ric.sessa/kubacki.michal/SRF_Eva_top/SRF_Eva/results/04_filtered/TES-2_filtered.bam', '/beegfs/scratch/ric.sessa/kubacki.michal/SRF_Eva_top/SRF_Eva/results/04_filtered/TES-3_filtered.bam']
# control file = ['/beegfs/scratch/ric.sessa/kubacki.michal/SRF_Eva_top/SRF_Eva/results/04_filtered/IggMs_filtered.bam']
# effective genome size = 2.70e+09
# band width = 300
# model fold = [5, 50]
# qvalue cutoff for narrow/strong regions = 5.00e-02
# qvalue cutoff for broad/weak regions = 1.00e-01
# The maximum gap between significant sites is assigned as the read length/tag size.
# The minimum length of peaks is assigned as the predicted fragment length "d".
# Larger dataset will be scaled towards smaller dataset.
# Range for calculating regional lambda is: 1000 bps and 10000 bps
# Broad region calling is on
# Paired-End mode is on
 
INFO  @ Wed, 17 Sep 2025 14:12:54: #1 read fragment files... 
INFO  @ Wed, 17 Sep 2025 14:12:54: #1 read treatment fragments... 
INFO  @ Wed, 17 Sep 2025 14:12:58:  1000000 
INFO  @ Wed, 17 Sep 2025 14:13:02:  2000000 
INFO  @ Wed, 17 Sep 2025 14:13:05:  3000000 
INFO  @ Wed, 17 Sep 2025 14:13:09:  4000000 
INFO  @ Wed, 17 Sep 2025 14:13:13:  5000000 
INFO  @ Wed, 17 Sep 2025 14:13:16:  6000000 
INFO  @ Wed, 17 Sep 2025 14:13:20:  7000000 
INFO  @ Wed, 17 Sep 2025 14:13:23:  8000000 
INFO  @ Wed, 17 Sep 2025 14:13:27:  9000000 
INFO  @ Wed, 17 Sep 2025 14:13:31:  10000000 
INFO  @ Wed, 17 Sep 2025 14:13:35:  11000000 
INFO  @ Wed, 17 Sep 2025 14:13:38:  12000000 
INFO  @ Wed, 17 Sep 2025 14:13:42:  13000000 
INFO  @ Wed, 17 Sep 2025 14:13:46:  14000000 
INFO  @ Wed, 17 Sep 2025 14:13:46: 14008418 fragments have been read. 
INFO  @ Wed, 17 Sep 2025 14:13:50:  1000000 
INFO  @ Wed, 17 Sep 2025 14:13:54:  2000000 
INFO  @ Wed, 17 Sep 2025 14:13:57: 2854967 fragments have been read. 
INFO  @ Wed, 17 Sep 2025 14:14:01:  1000000 
INFO  @ Wed, 17 Sep 2025 14:14:04:  2000000 
INFO  @ Wed, 17 Sep 2025 14:14:08:  3000000 
INFO  @ Wed, 17 Sep 2025 14:14:11:  4000000 
INFO  @ Wed, 17 Sep 2025 14:14:15:  5000000 
INFO  @ Wed, 17 Sep 2025 14:14:19:  6000000 
INFO  @ Wed, 17 Sep 2025 14:14:22:  7000000 
INFO  @ Wed, 17 Sep 2025 14:14:26:  8000000 
INFO  @ Wed, 17 Sep 2025 14:14:30:  9000000 
INFO  @ Wed, 17 Sep 2025 14:14:33:  10000000 
INFO  @ Wed, 17 Sep 2025 14:14:39:  11000000 
INFO  @ Wed, 17 Sep 2025 14:14:42:  12000000 
INFO  @ Wed, 17 Sep 2025 14:14:46:  13000000 
INFO  @ Wed, 17 Sep 2025 14:14:49:  14000000 
INFO  @ Wed, 17 Sep 2025 14:14:53:  15000000 
INFO  @ Wed, 17 Sep 2025 14:14:56:  16000000 
INFO  @ Wed, 17 Sep 2025 14:15:00: 16890349 fragments have been read. 
INFO  @ Wed, 17 Sep 2025 14:15:31: #1.2 read input fragments... 
INFO  @ Wed, 17 Sep 2025 14:15:34:  1000000 
INFO  @ Wed, 17 Sep 2025 14:15:38: 1924892 fragments have been read. 
INFO  @ Wed, 17 Sep 2025 14:15:38: #1 mean fragment size is determined as 132.0 bp from treatment 
INFO  @ Wed, 17 Sep 2025 14:15:38: #1 note: mean fragment size in control is 131.7 bp -- value ignored 
INFO  @ Wed, 17 Sep 2025 14:15:38: #1 fragment size = 132.0 
INFO  @ Wed, 17 Sep 2025 14:15:38: #1  total fragments in treatment: 33753734 
INFO  @ Wed, 17 Sep 2025 14:15:38: #1  total fragments in control: 1924892 
INFO  @ Wed, 17 Sep 2025 14:15:38: #1 finished! 
INFO  @ Wed, 17 Sep 2025 14:15:38: #2 Build Peak Model... 
INFO  @ Wed, 17 Sep 2025 14:15:38: #2 Skipped... 
INFO  @ Wed, 17 Sep 2025 14:15:38: #3 Call peaks... 
INFO  @ Wed, 17 Sep 2025 14:15:38: #3 Call broad peaks with given level1 -log10qvalue cutoff and level2: 1.301030, 1.000000... 
INFO  @ Wed, 17 Sep 2025 14:15:38: #3 Pre-compute pvalue-qvalue table... 
INFO  @ Wed, 17 Sep 2025 14:16:07: #3 Call peaks for each chromosome... 
INFO  @ Wed, 17 Sep 2025 14:16:30: #4 Write output xls file... /beegfs/scratch/ric.sessa/kubacki.michal/SRF_Eva_top/SRF_Eva/results/05_peaks_broad/TES_peaks.xls 
INFO  @ Wed, 17 Sep 2025 14:16:31: #4 Write broad peak in broadPeak format file... /beegfs/scratch/ric.sessa/kubacki.michal/SRF_Eva_top/SRF_Eva/results/05_peaks_broad/TES_peaks.broadPeak 
INFO  @ Wed, 17 Sep 2025 14:16:31: #4 Write broad peak in bed12/gappedPeak format file... /beegfs/scratch/ric.sessa/kubacki.michal/SRF_Eva_top/SRF_Eva/results/05_peaks_broad/TES_peaks.gappedPeak 
INFO  @ Wed, 17 Sep 2025 14:16:31: Done! 
