INFO  @ Wed, 17 Sep 2025 14:24:42: 
# Command line: callpeak -t /beegfs/scratch/ric.sessa/kubacki.michal/SRF_Eva_top/SRF_Eva/results/04_filtered/TESmut-1_filtered.bam -c /beegfs/scratch/ric.sessa/kubacki.michal/SRF_Eva_top/SRF_Eva/results/04_filtered/IggMs_filtered.bam -f BAMPE -g hs -n TESmut-1 --outdir /beegfs/scratch/ric.sessa/kubacki.michal/SRF_Eva_top/SRF_Eva/results/05_peaks_broad -q 0.05 --broad --broad-cutoff 0.1 --keep-dup all
# ARGUMENTS LIST:
# name = TESmut-1
# format = BAMPE
# ChIP-seq file = ['/beegfs/scratch/ric.sessa/kubacki.michal/SRF_Eva_top/SRF_Eva/results/04_filtered/TESmut-1_filtered.bam']
# control file = ['/beegfs/scratch/ric.sessa/kubacki.michal/SRF_Eva_top/SRF_Eva/results/04_filtered/IggMs_filtered.bam']
# effective genome size = 2.70e+09
# band width = 300
# model fold = [5, 50]
# qvalue cutoff for narrow/strong regions = 5.00e-02
# qvalue cutoff for broad/weak regions = 1.00e-01
# The maximum gap between significant sites is assigned as the read length/tag size.
# The minimum length of peaks is assigned as the predicted fragment length "d".
# Larger dataset will be scaled towards smaller dataset.
# Range for calculating regional lambda is: 1000 bps and 10000 bps
# Broad region calling is on
# Paired-End mode is on
 
INFO  @ Wed, 17 Sep 2025 14:24:42: #1 read fragment files... 
INFO  @ Wed, 17 Sep 2025 14:24:42: #1 read treatment fragments... 
INFO  @ Wed, 17 Sep 2025 14:24:46:  1000000 
INFO  @ Wed, 17 Sep 2025 14:24:49:  2000000 
INFO  @ Wed, 17 Sep 2025 14:24:53:  3000000 
INFO  @ Wed, 17 Sep 2025 14:24:56:  4000000 
INFO  @ Wed, 17 Sep 2025 14:25:00:  5000000 
INFO  @ Wed, 17 Sep 2025 14:25:03:  6000000 
INFO  @ Wed, 17 Sep 2025 14:25:07:  7000000 
INFO  @ Wed, 17 Sep 2025 14:25:10:  8000000 
INFO  @ Wed, 17 Sep 2025 14:25:10: 8055342 fragments have been read. 
INFO  @ Wed, 17 Sep 2025 14:25:15: #1.2 read input fragments... 
INFO  @ Wed, 17 Sep 2025 14:25:19:  1000000 
INFO  @ Wed, 17 Sep 2025 14:25:22: 1924892 fragments have been read. 
INFO  @ Wed, 17 Sep 2025 14:25:23: #1 mean fragment size is determined as 130.6 bp from treatment 
INFO  @ Wed, 17 Sep 2025 14:25:23: #1 note: mean fragment size in control is 131.7 bp -- value ignored 
INFO  @ Wed, 17 Sep 2025 14:25:23: #1 fragment size = 130.6 
INFO  @ Wed, 17 Sep 2025 14:25:23: #1  total fragments in treatment: 8055342 
INFO  @ Wed, 17 Sep 2025 14:25:23: #1  total fragments in control: 1924892 
INFO  @ Wed, 17 Sep 2025 14:25:23: #1 finished! 
INFO  @ Wed, 17 Sep 2025 14:25:23: #2 Build Peak Model... 
INFO  @ Wed, 17 Sep 2025 14:25:23: #2 Skipped... 
INFO  @ Wed, 17 Sep 2025 14:25:23: #3 Call peaks... 
INFO  @ Wed, 17 Sep 2025 14:25:23: #3 Call broad peaks with given level1 -log10qvalue cutoff and level2: 1.301030, 1.000000... 
INFO  @ Wed, 17 Sep 2025 14:25:23: #3 Pre-compute pvalue-qvalue table... 
INFO  @ Wed, 17 Sep 2025 14:25:40: #3 Call peaks for each chromosome... 
INFO  @ Wed, 17 Sep 2025 14:25:53: #4 Write output xls file... /beegfs/scratch/ric.sessa/kubacki.michal/SRF_Eva_top/SRF_Eva/results/05_peaks_broad/TESmut-1_peaks.xls 
INFO  @ Wed, 17 Sep 2025 14:25:53: #4 Write broad peak in broadPeak format file... /beegfs/scratch/ric.sessa/kubacki.michal/SRF_Eva_top/SRF_Eva/results/05_peaks_broad/TESmut-1_peaks.broadPeak 
INFO  @ Wed, 17 Sep 2025 14:25:53: #4 Write broad peak in bed12/gappedPeak format file... /beegfs/scratch/ric.sessa/kubacki.michal/SRF_Eva_top/SRF_Eva/results/05_peaks_broad/TESmut-1_peaks.gappedPeak 
INFO  @ Wed, 17 Sep 2025 14:25:53: Done! 
