INFO  @ Wed, 17 Sep 2025 14:16:31: 
# Command line: callpeak -t /beegfs/scratch/ric.sessa/kubacki.michal/SRF_Eva_top/SRF_Eva/results/04_filtered/TESmut-1_filtered.bam /beegfs/scratch/ric.sessa/kubacki.michal/SRF_Eva_top/SRF_Eva/results/04_filtered/TESmut-2_filtered.bam /beegfs/scratch/ric.sessa/kubacki.michal/SRF_Eva_top/SRF_Eva/results/04_filtered/TESmut-3_filtered.bam -c /beegfs/scratch/ric.sessa/kubacki.michal/SRF_Eva_top/SRF_Eva/results/04_filtered/IggMs_filtered.bam -f BAMPE -g hs -n TESmut --outdir /beegfs/scratch/ric.sessa/kubacki.michal/SRF_Eva_top/SRF_Eva/results/05_peaks_broad -q 0.05 --broad --broad-cutoff 0.1 --keep-dup all
# ARGUMENTS LIST:
# name = TESmut
# format = BAMPE
# ChIP-seq file = ['/beegfs/scratch/ric.sessa/kubacki.michal/SRF_Eva_top/SRF_Eva/results/04_filtered/TESmut-1_filtered.bam', '/beegfs/scratch/ric.sessa/kubacki.michal/SRF_Eva_top/SRF_Eva/results/04_filtered/TESmut-2_filtered.bam', '/beegfs/scratch/ric.sessa/kubacki.michal/SRF_Eva_top/SRF_Eva/results/04_filtered/TESmut-3_filtered.bam']
# control file = ['/beegfs/scratch/ric.sessa/kubacki.michal/SRF_Eva_top/SRF_Eva/results/04_filtered/IggMs_filtered.bam']
# effective genome size = 2.70e+09
# band width = 300
# model fold = [5, 50]
# qvalue cutoff for narrow/strong regions = 5.00e-02
# qvalue cutoff for broad/weak regions = 1.00e-01
# The maximum gap between significant sites is assigned as the read length/tag size.
# The minimum length of peaks is assigned as the predicted fragment length "d".
# Larger dataset will be scaled towards smaller dataset.
# Range for calculating regional lambda is: 1000 bps and 10000 bps
# Broad region calling is on
# Paired-End mode is on
 
INFO  @ Wed, 17 Sep 2025 14:16:31: #1 read fragment files... 
INFO  @ Wed, 17 Sep 2025 14:16:31: #1 read treatment fragments... 
INFO  @ Wed, 17 Sep 2025 14:16:35:  1000000 
INFO  @ Wed, 17 Sep 2025 14:16:38:  2000000 
INFO  @ Wed, 17 Sep 2025 14:16:42:  3000000 
INFO  @ Wed, 17 Sep 2025 14:16:45:  4000000 
INFO  @ Wed, 17 Sep 2025 14:16:49:  5000000 
INFO  @ Wed, 17 Sep 2025 14:16:52:  6000000 
INFO  @ Wed, 17 Sep 2025 14:16:56:  7000000 
INFO  @ Wed, 17 Sep 2025 14:16:59:  8000000 
INFO  @ Wed, 17 Sep 2025 14:16:59: 8055342 fragments have been read. 
INFO  @ Wed, 17 Sep 2025 14:17:03:  1000000 
INFO  @ Wed, 17 Sep 2025 14:17:07:  2000000 
INFO  @ Wed, 17 Sep 2025 14:17:10:  3000000 
INFO  @ Wed, 17 Sep 2025 14:17:14:  4000000 
INFO  @ Wed, 17 Sep 2025 14:17:17:  5000000 
INFO  @ Wed, 17 Sep 2025 14:17:21:  6000000 
INFO  @ Wed, 17 Sep 2025 14:17:22: 6267672 fragments have been read. 
INFO  @ Wed, 17 Sep 2025 14:17:25:  1000000 
INFO  @ Wed, 17 Sep 2025 14:17:29:  2000000 
INFO  @ Wed, 17 Sep 2025 14:17:32:  3000000 
INFO  @ Wed, 17 Sep 2025 14:17:36:  4000000 
INFO  @ Wed, 17 Sep 2025 14:17:39:  5000000 
INFO  @ Wed, 17 Sep 2025 14:17:43:  6000000 
INFO  @ Wed, 17 Sep 2025 14:17:46:  7000000 
INFO  @ Wed, 17 Sep 2025 14:17:49:  8000000 
INFO  @ Wed, 17 Sep 2025 14:17:53:  9000000 
INFO  @ Wed, 17 Sep 2025 14:17:56:  10000000 
INFO  @ Wed, 17 Sep 2025 14:17:58: 10626189 fragments have been read. 
INFO  @ Wed, 17 Sep 2025 14:18:19: #1.2 read input fragments... 
INFO  @ Wed, 17 Sep 2025 14:18:22:  1000000 
INFO  @ Wed, 17 Sep 2025 14:18:26: 1924892 fragments have been read. 
INFO  @ Wed, 17 Sep 2025 14:18:27: #1 mean fragment size is determined as 115.8 bp from treatment 
INFO  @ Wed, 17 Sep 2025 14:18:27: #1 note: mean fragment size in control is 131.7 bp -- value ignored 
INFO  @ Wed, 17 Sep 2025 14:18:27: #1 fragment size = 115.8 
INFO  @ Wed, 17 Sep 2025 14:18:27: #1  total fragments in treatment: 24949203 
INFO  @ Wed, 17 Sep 2025 14:18:27: #1  total fragments in control: 1924892 
INFO  @ Wed, 17 Sep 2025 14:18:27: #1 finished! 
INFO  @ Wed, 17 Sep 2025 14:18:27: #2 Build Peak Model... 
INFO  @ Wed, 17 Sep 2025 14:18:27: #2 Skipped... 
INFO  @ Wed, 17 Sep 2025 14:18:27: #3 Call peaks... 
INFO  @ Wed, 17 Sep 2025 14:18:27: #3 Call broad peaks with given level1 -log10qvalue cutoff and level2: 1.301030, 1.000000... 
INFO  @ Wed, 17 Sep 2025 14:18:27: #3 Pre-compute pvalue-qvalue table... 
INFO  @ Wed, 17 Sep 2025 14:18:50: #3 Call peaks for each chromosome... 
INFO  @ Wed, 17 Sep 2025 14:19:09: #4 Write output xls file... /beegfs/scratch/ric.sessa/kubacki.michal/SRF_Eva_top/SRF_Eva/results/05_peaks_broad/TESmut_peaks.xls 
INFO  @ Wed, 17 Sep 2025 14:19:09: #4 Write broad peak in broadPeak format file... /beegfs/scratch/ric.sessa/kubacki.michal/SRF_Eva_top/SRF_Eva/results/05_peaks_broad/TESmut_peaks.broadPeak 
INFO  @ Wed, 17 Sep 2025 14:19:09: #4 Write broad peak in bed12/gappedPeak format file... /beegfs/scratch/ric.sessa/kubacki.michal/SRF_Eva_top/SRF_Eva/results/05_peaks_broad/TESmut_peaks.gappedPeak 
INFO  @ Wed, 17 Sep 2025 14:19:09: Done! 
