INFO [2025-09-24 18:08:15] [[1]]
INFO [2025-09-24 18:08:15] venn_data
INFO [2025-09-24 18:08:15] 
INFO [2025-09-24 18:08:15] $filename
INFO [2025-09-24 18:08:15] [1] "results/cell_death_proliferation/gene_overlap_venn.png"
INFO [2025-09-24 18:08:15] 
INFO [2025-09-24 18:08:15] $category.names
INFO [2025-09-24 18:08:15] names(venn_data)
INFO [2025-09-24 18:08:15] 
INFO [2025-09-24 18:08:15] $output
INFO [2025-09-24 18:08:15] [1] TRUE
INFO [2025-09-24 18:08:15] 
INFO [2025-09-24 18:08:15] $imagetype
INFO [2025-09-24 18:08:15] [1] "png"
INFO [2025-09-24 18:08:15] 
INFO [2025-09-24 18:08:15] $height
INFO [2025-09-24 18:08:15] [1] 2000
INFO [2025-09-24 18:08:15] 
INFO [2025-09-24 18:08:15] $width
INFO [2025-09-24 18:08:15] [1] 2000
INFO [2025-09-24 18:08:15] 
INFO [2025-09-24 18:08:15] $resolution
INFO [2025-09-24 18:08:15] [1] 300
INFO [2025-09-24 18:08:15] 
INFO [2025-09-24 18:08:15] $fill
INFO [2025-09-24 18:08:15] c("lightblue", "lightcoral", "lightgreen")
INFO [2025-09-24 18:08:15] 
